Looking for git in: git
Using git 2.29.2 from git
> git rev-parse --git-dir
Open repository: /home/richsouth/.config
> git status -z -u
> git symbolic-ref --short HEAD
> git rev-parse main
> git rev-parse --symbolic-full-name main@{u}
> git rev-list --left-right main...refs/remotes/origin/main
> git check-ignore -v -z --stdin
> git for-each-ref --sort -committerdate --format %(refname) %(objectname)
> git remote --verbose
> git config --get commit.template
> git show --textconv :qtile/config.py
> git ls-files --stage -- /home/richsouth/.config/qtile/config.py
> git cat-file -s 9c4c88673f8f38d8cf4bf0f821cc75f1e243087c
> git rev-parse --git-dir
Open repository: /home/richsouth/.config/myPolybar
> git status -z -u
> git symbolic-ref --short HEAD
> git rev-parse main
> git rev-parse --symbolic-full-name main@{u}
> git rev-list --left-right main...refs/remotes/origin/main
> git for-each-ref --sort -committerdate --format %(refname) %(objectname)
> git remote --verbose
Warning: Failed to watch ref '/home/richsouth/.config/.git/modules/myPolybar/refs/remotes/origin/main', is most likely packed.
> git config --get commit.template
> git check-ignore -v -z --stdin
> git status -z -u
> git symbolic-ref --short HEAD
> git rev-parse main
> git rev-parse --symbolic-full-name main@{u}
> git rev-list --left-right main...refs/remotes/origin/main
> git for-each-ref --sort -committerdate --format %(refname) %(objectname)
> git remote --verbose
> git config --get commit.template
> git rev-parse --git-dir
Open repository: /home/richsouth/Downloads/dotfiles-depreciated
> git status -z -u
> git show --textconv :.i3/config
> git ls-files --stage -- /home/richsouth/Downloads/dotfiles-depreciated/.i3/config
> git cat-file -s 228fd60b793a1c37da4fc284f671647cb03ad0ae
> git check-ignore -v -z --stdin
> git symbolic-ref --short HEAD
> git rev-parse master
> git rev-parse --symbolic-full-name master@{u}
> git rev-list --left-right master...refs/remotes/origin/master
> git for-each-ref --sort -committerdate --format %(refname) %(objectname)
> git remote --verbose
Warning: Failed to watch ref '/home/richsouth/Downloads/dotfiles-depreciated/.git/refs/remotes/origin/master', is most likely packed.
> git config --get commit.template
> git show --textconv :polybar/config.ini
> git ls-files --stage -- /home/richsouth/.config/polybar/config.ini
> git check-ignore -v -z --stdin
> git show --textconv :polybar/modules.ini
> git ls-files --stage -- /home/richsouth/.config/polybar/modules.ini
> git check-ignore -v -z --stdin
> git show --textconv :polybar/user_modules.ini
> git ls-files --stage -- /home/richsouth/.config/polybar/user_modules.ini
> git check-ignore -v -z --stdin
