Looking for git in: git
Using git 2.29.2 from git
> git rev-parse --git-dir
Open repository: /home/richsouth/Downloads
> git status -z -u
> git symbolic-ref --short HEAD
> git rev-parse master
> git rev-parse --symbolic-full-name master@{u}
> git rev-list --left-right master...refs/remotes/origin/master
> git for-each-ref --sort -committerdate --format %(refname) %(objectname) %(*objectname)
> git remote --verbose
Warning: Failed to watch ref '/home/richsouth/Downloads/.git/refs/remotes/origin/master', is most likely packed.
> git check-ignore -v -z --stdin
> git config --get commit.template
> git rev-parse --git-dir
Open repository: /home/richsouth/.config
> git status -z -u
> git symbolic-ref --short HEAD
> git rev-parse main
> git rev-parse --symbolic-full-name main@{u}
> git rev-list --left-right main...refs/remotes/origin/main
> git for-each-ref --sort -committerdate --format %(refname) %(objectname) %(*objectname)
> git remote --verbose
> git config --get commit.template
> git check-ignore -v -z --stdin
> git check-ignore -v -z --stdin
> git show --textconv :i3lock/lock.sh
> git ls-files --stage -- /home/richsouth/.config/i3lock/lock.sh
> git cat-file -s bf177dee4d1050a516a49220ffbddd1697a6f2be
> git rev-parse --git-dir
Open repository: /home/richsouth/.config/myPolybar
> git status -z -u
> git symbolic-ref --short HEAD
> git rev-parse main
> git rev-parse --symbolic-full-name main@{u}
> git rev-list --left-right main...refs/remotes/origin/main
> git for-each-ref --sort -committerdate --format %(refname) %(objectname) %(*objectname)
> git remote --verbose
Warning: Failed to watch ref '/home/richsouth/.config/.git/modules/myPolybar/refs/remotes/origin/main', is most likely packed.
> git config --get commit.template
> git check-ignore -v -z --stdin
> git check-ignore -v -z --stdin
> git show --textconv :i3lock/lock.sh
> git ls-files --stage -- /home/richsouth/.config/i3lock/lock.sh
> git cat-file -s bf177dee4d1050a516a49220ffbddd1697a6f2be
> git check-ignore -v -z --stdin
> git show --textconv :qtile/config.py
> git ls-files --stage -- /home/richsouth/.config/qtile/config.py
> git cat-file -s 304fc9d161946a0098f37e57b2751bcaebc98f76
