[2020-11-10 11:49:56.332] [exthost] [info] extension host started
[2020-11-10 11:49:56.678] [exthost] [info] ExtensionService#_doActivateExtension ms-vscode.js-debug {"startup":false,"extensionId":{"value":"ms-vscode.js-debug","_lower":"ms-vscode.js-debug"},"activationEvent":"onDebugDynamicConfigurations"}
[2020-11-10 11:49:56.678] [exthost] [info] ExtensionService#loadCommonJSModule file:///usr/share/vscodium-bin/resources/app/extensions/ms-vscode.js-debug/src/extension.js
[2020-11-10 11:49:57.099] [exthost] [info] ExtensionService#_doActivateExtension vscode.python {"startup":false,"extensionId":{"value":"vscode.python","_lower":"vscode.python"},"activationEvent":"onLanguage:python"}
[2020-11-10 11:49:57.099] [exthost] [info] ExtensionService#loadCommonJSModule file:///usr/share/vscodium-bin/resources/app/extensions/python/dist/pythonMain
[2020-11-10 11:49:57.103] [exthost] [info] ExtensionService#_doActivateExtension vscode.debug-auto-launch {"startup":true,"extensionId":{"value":"vscode.debug-auto-launch","_lower":"vscode.debug-auto-launch"},"activationEvent":"*"}
[2020-11-10 11:49:57.103] [exthost] [info] ExtensionService#loadCommonJSModule file:///usr/share/vscodium-bin/resources/app/extensions/debug-auto-launch/dist/extension
[2020-11-10 11:49:57.110] [exthost] [info] ExtensionService#_doActivateExtension vscode.emmet {"startup":true,"extensionId":{"value":"vscode.emmet","_lower":"vscode.emmet"},"activationEvent":"*"}
[2020-11-10 11:49:57.110] [exthost] [info] ExtensionService#loadCommonJSModule file:///usr/share/vscodium-bin/resources/app/extensions/emmet/dist/node/emmetNodeMain
[2020-11-10 11:49:57.143] [exthost] [info] ExtensionService#_doActivateExtension vscode.git {"startup":true,"extensionId":{"value":"vscode.github","_lower":"vscode.github"},"activationEvent":"*"}
[2020-11-10 11:49:57.143] [exthost] [info] ExtensionService#loadCommonJSModule file:///usr/share/vscodium-bin/resources/app/extensions/git/dist/main
[2020-11-10 11:49:57.192] [exthost] [info] ExtensionService#_doActivateExtension vscode.merge-conflict {"startup":true,"extensionId":{"value":"vscode.merge-conflict","_lower":"vscode.merge-conflict"},"activationEvent":"*"}
[2020-11-10 11:49:57.192] [exthost] [info] ExtensionService#loadCommonJSModule file:///usr/share/vscodium-bin/resources/app/extensions/merge-conflict/dist/mergeConflictMain
[2020-11-10 11:49:57.208] [exthost] [info] ExtensionService#_doActivateExtension vscode.search-result {"startup":true,"extensionId":{"value":"vscode.search-result","_lower":"vscode.search-result"},"activationEvent":"*"}
[2020-11-10 11:49:57.208] [exthost] [info] ExtensionService#loadCommonJSModule file:///usr/share/vscodium-bin/resources/app/extensions/search-result/dist/extension.js
[2020-11-10 11:49:57.555] [exthost] [info] ExtensionService#_doActivateExtension vscode.github {"startup":true,"extensionId":{"value":"vscode.github","_lower":"vscode.github"},"activationEvent":"*"}
[2020-11-10 11:49:57.555] [exthost] [info] ExtensionService#loadCommonJSModule file:///usr/share/vscodium-bin/resources/app/extensions/github/dist/extension.js
[2020-11-10 11:49:57.626] [exthost] [info] eager extensions activated
[2020-11-10 11:51:00.283] [exthost] [error] {"message":"Git error","stdout":"","stderr":"fatal: Pathspec '/home/richsouth/.config/polybar/config.ini' is in submodule 'polybar'\n","exitCode":128,"gitErrorCode":"IsInSubmodule"}
[2020-11-10 11:51:00.283] [exthost] [error] {"message":"Git error","stdout":"","stderr":"fatal: Pathspec '/home/richsouth/.config/polybar/config.ini' is in submodule 'polybar'\n","exitCode":128,"gitErrorCode":"IsInSubmodule"}
[2020-11-10 11:51:00.284] [exthost] [error] {"message":"Git error","stdout":"","stderr":"fatal: Pathspec '/home/richsouth/.config/polybar/config.ini' is in submodule 'polybar'\n","exitCode":128,"gitErrorCode":"IsInSubmodule"}
[2020-11-10 11:51:27.483] [exthost] [error] {"message":"Git error","stdout":"","stderr":"fatal: Pathspec '/home/richsouth/.config/polybar/modules.ini' is in submodule 'polybar'\n","exitCode":128,"gitErrorCode":"IsInSubmodule"}
[2020-11-10 11:51:46.229] [exthost] [error] {"message":"Git error","stdout":"","stderr":"fatal: Pathspec '/home/richsouth/.config/polybar/user_modules.ini' is in submodule 'polybar'\n","exitCode":128,"gitErrorCode":"IsInSubmodule"}
