Looking for git in: git
Using git 2.29.2 from git
> git rev-parse --git-dir
Open repository: /home/richsouth/.config/polybar
> git status -z -u
> git symbolic-ref --short HEAD
> git rev-parse main
> git rev-parse --symbolic-full-name main@{u}
> git rev-list --left-right main...refs/remotes/origin/main
> git for-each-ref --sort -committerdate --format %(refname) %(objectname)
> git remote --verbose
Warning: Failed to watch ref '/home/richsouth/.config/polybar/.git/refs/remotes/origin/main', is most likely packed.
> git config --get commit.template
> git show --textconv :modules.ini
> git ls-files --stage -- /home/richsouth/.config/polybar/modules.ini
> git cat-file -s 852f10d1dd3f8ff570790fd95439fb700e98ed59
> git check-ignore -v -z --stdin
> git show --textconv :user_modules.ini
> git ls-files --stage -- /home/richsouth/.config/polybar/user_modules.ini
> git cat-file -s 59e0283881721edaa44f4db39e6f8e15df0fc4b3
> git check-ignore -v -z --stdin
> git show --textconv :scripts/updates.sh
> git ls-files --stage -- /home/richsouth/.config/polybar/scripts/updates.sh
> git cat-file -s 8505d391cacf8f7926e3cd74304a92e12eaf4e4b
> git check-ignore -v -z --stdin
> git show --textconv :user_modules.ini
> git ls-files --stage -- /home/richsouth/.config/polybar/user_modules.ini
> git cat-file -s 59e0283881721edaa44f4db39e6f8e15df0fc4b3
> git show --textconv :config.ini
> git ls-files --stage -- /home/richsouth/.config/polybar/config.ini
> git cat-file -s c8c83825e5a59a19ca55f5247e1e6fbadd02ea8f
> git check-ignore -v -z --stdin
> git status -z -u
> git symbolic-ref --short HEAD
> git rev-parse main
> git rev-parse --symbolic-full-name main@{u}
> git rev-list --left-right main...refs/remotes/origin/main
> git for-each-ref --sort -committerdate --format %(refname) %(objectname)
> git remote --verbose
Warning: Failed to watch ref '/home/richsouth/.config/polybar/.git/refs/remotes/origin/main', is most likely packed.
> git config --get commit.template
> git show --textconv :user_modules.ini
> git ls-files --stage -- /home/richsouth/.config/polybar/user_modules.ini
> git cat-file -s 59e0283881721edaa44f4db39e6f8e15df0fc4b3
> git show --textconv :config.ini
> git ls-files --stage -- /home/richsouth/.config/polybar/config.ini
> git cat-file -s c8c83825e5a59a19ca55f5247e1e6fbadd02ea8f
> git status -z -u
> git symbolic-ref --short HEAD
> git rev-parse main
> git rev-parse --symbolic-full-name main@{u}
> git rev-list --left-right main...refs/remotes/origin/main
> git for-each-ref --sort -committerdate --format %(refname) %(objectname)
> git remote --verbose
Warning: Failed to watch ref '/home/richsouth/.config/polybar/.git/refs/remotes/origin/main', is most likely packed.
> git config --get commit.template
> git status -z -u
> git symbolic-ref --short HEAD
> git rev-parse main
> git rev-parse --symbolic-full-name main@{u}
> git rev-list --left-right main...refs/remotes/origin/main
> git for-each-ref --sort -committerdate --format %(refname) %(objectname)
> git remote --verbose
Warning: Failed to watch ref '/home/richsouth/.config/polybar/.git/refs/remotes/origin/main', is most likely packed.
> git config --get commit.template
> git show --textconv :user_modules.ini
> git ls-files --stage -- /home/richsouth/.config/polybar/user_modules.ini
> git cat-file -s 59e0283881721edaa44f4db39e6f8e15df0fc4b3
> git show --textconv :modules.ini
> git ls-files --stage -- /home/richsouth/.config/polybar/modules.ini
> git cat-file -s 852f10d1dd3f8ff570790fd95439fb700e98ed59
> git show --textconv :config.ini
> git ls-files --stage -- /home/richsouth/.config/polybar/config.ini
> git cat-file -s c8c83825e5a59a19ca55f5247e1e6fbadd02ea8f
> git status -z -u
> git symbolic-ref --short HEAD
> git rev-parse main
> git rev-parse --symbolic-full-name main@{u}
> git rev-list --left-right main...refs/remotes/origin/main
> git for-each-ref --sort -committerdate --format %(refname) %(objectname)
> git remote --verbose
Warning: Failed to watch ref '/home/richsouth/.config/polybar/.git/refs/remotes/origin/main', is most likely packed.
> git config --get commit.template
> git status -z -u
> git symbolic-ref --short HEAD
> git rev-parse main
> git rev-parse --symbolic-full-name main@{u}
> git rev-list --left-right main...refs/remotes/origin/main
> git for-each-ref --sort -committerdate --format %(refname) %(objectname)
> git remote --verbose
Warning: Failed to watch ref '/home/richsouth/.config/polybar/.git/refs/remotes/origin/main', is most likely packed.
> git config --get commit.template
> git status -z -u
> git symbolic-ref --short HEAD
> git rev-parse main
> git rev-parse --symbolic-full-name main@{u}
> git rev-list --left-right main...refs/remotes/origin/main
> git for-each-ref --sort -committerdate --format %(refname) %(objectname)
> git remote --verbose
Warning: Failed to watch ref '/home/richsouth/.config/polybar/.git/refs/remotes/origin/main', is most likely packed.
> git config --get commit.template
