INFO: 2020-11-06 14:24:32,133: main() 'Using profile folder /home/richsouth/.config/variety/'
INFO: 2020-11-06 14:24:32,136: perform_upgrade() 'Last run version was 0.8.4 or earlier, current version is 0.8.4'
INFO: 2020-11-06 14:24:32,249: process_command() 'Received command: []'
INFO: 2020-11-06 14:24:32,251: load_banned() 'Missing or invalid banned URLs list, no URLs will be banned'
INFO: 2020-11-06 14:24:32,265: start() 'Using data_path /usr/share/variety'
INFO: 2020-11-06 14:24:32,265: load() 'Jumble loading'
INFO: 2020-11-06 14:24:32,265: _walk_modules() 'Jumble loading module in __init__ from /usr/lib/python3.8/site-packages/variety/plugins/builtin/__init__.py'
INFO: 2020-11-06 14:24:32,267: _walk_modules() 'Jumble loading module in UnsplashDownloader from /usr/lib/python3.8/site-packages/variety/plugins/builtin/downloaders/UnsplashDownloader.py'
INFO: 2020-11-06 14:24:32,268: load() 'Jumble found plugin class: <class 'UnsplashDownloader.UnsplashDownloader'>: {'name': 'UnsplashDownloader', 'description': 'High-resolution photos from Unsplash.com', 'author': 'Peter Levi', 'version': '0.1'}'
INFO: 2020-11-06 14:24:32,269: _walk_modules() 'Jumble loading module in RedditSource from /usr/lib/python3.8/site-packages/variety/plugins/builtin/downloaders/RedditSource.py'
INFO: 2020-11-06 14:24:32,271: load() 'Jumble found plugin class: <class 'RedditSource.RedditSource'>: {'name': 'RedditSource', 'description': 'Configurable source for fetching images from Reddit', 'author': 'Peter Levi', 'version': '0.1'}'
INFO: 2020-11-06 14:24:32,272: _walk_modules() 'Jumble loading module in MediaRSSSource from /usr/lib/python3.8/site-packages/variety/plugins/builtin/downloaders/MediaRSSSource.py'
INFO: 2020-11-06 14:24:32,273: load() 'Jumble found plugin class: <class 'MediaRSSSource.MediaRSSSource'>: {'name': 'MediaRSSSource', 'description': 'Configurable source for fetching images from MediaRSS feeds', 'author': 'Peter Levi', 'version': '0.1'}'
INFO: 2020-11-06 14:24:32,274: _walk_modules() 'Jumble loading module in BingDownloader from /usr/lib/python3.8/site-packages/variety/plugins/builtin/downloaders/BingDownloader.py'
INFO: 2020-11-06 14:24:32,274: load() 'Jumble found plugin class: <class 'BingDownloader.BingDownloader'>: {'name': 'BingDownloader', 'description': 'Bing Photo of the Day', 'author': 'Peter Levi', 'version': '0.1'}'
INFO: 2020-11-06 14:24:32,275: _walk_modules() 'Jumble loading module in EarthviewDownloader from /usr/lib/python3.8/site-packages/variety/plugins/builtin/downloaders/EarthviewDownloader.py'
INFO: 2020-11-06 14:24:32,276: load() 'Jumble found plugin class: <class 'EarthviewDownloader.EarthviewDownloader'>: {'name': 'EarthviewDownloader', 'description': 'Google Earth View Wallpapers', 'author': 'Peter Levi', 'version': '0.1'}'
INFO: 2020-11-06 14:24:32,276: _walk_modules() 'Jumble loading module in WallhavenDownloader from /usr/lib/python3.8/site-packages/variety/plugins/builtin/downloaders/WallhavenDownloader.py'
INFO: 2020-11-06 14:24:32,277: _walk_modules() 'Jumble loading module in RedditDownloader from /usr/lib/python3.8/site-packages/variety/plugins/builtin/downloaders/RedditDownloader.py'
INFO: 2020-11-06 14:24:32,278: _walk_modules() 'Jumble loading module in __init__ from /usr/lib/python3.8/site-packages/variety/plugins/builtin/downloaders/__init__.py'
INFO: 2020-11-06 14:24:32,278: _walk_modules() 'Jumble loading module in UnsplashConfigurableSource from /usr/lib/python3.8/site-packages/variety/plugins/builtin/downloaders/UnsplashConfigurableSource.py'
INFO: 2020-11-06 14:24:32,280: load() 'Jumble found plugin class: <class 'UnsplashConfigurableSource.UnsplashConfigurableSource'>: {'name': 'UnsplashConfigurableSource', 'description': 'Configurable source for fetching photos from Unsplash.com', 'author': 'Peter Levi', 'version': '0.1'}'
INFO: 2020-11-06 14:24:32,280: _walk_modules() 'Jumble loading module in MediaRSSDownloader from /usr/lib/python3.8/site-packages/variety/plugins/builtin/downloaders/MediaRSSDownloader.py'
INFO: 2020-11-06 14:24:32,281: _walk_modules() 'Jumble loading module in APODDownloader from /usr/lib/python3.8/site-packages/variety/plugins/builtin/downloaders/APODDownloader.py'
INFO: 2020-11-06 14:24:32,281: load() 'Jumble found plugin class: <class 'APODDownloader.APODDownloader'>: {'name': 'APODDownloader', 'description': 'NASA Astro Pic of the Day', 'author': 'Peter Levi', 'version': '0.1'}'
INFO: 2020-11-06 14:24:32,282: _walk_modules() 'Jumble loading module in WallhavenSource from /usr/lib/python3.8/site-packages/variety/plugins/builtin/downloaders/WallhavenSource.py'
INFO: 2020-11-06 14:24:32,283: load() 'Jumble found plugin class: <class 'WallhavenSource.WallhavenSource'>: {'name': 'WallhavenSource', 'description': 'Configurable source for fetching images from Wallhaven.cc', 'author': 'Peter Levi', 'version': '0.1'}'
INFO: 2020-11-06 14:24:32,284: _walk_modules() 'Jumble loading module in FortuneSource from /usr/lib/python3.8/site-packages/variety/plugins/builtin/quotes/FortuneSource.py'
INFO: 2020-11-06 14:24:32,284: load() 'Jumble found plugin class: <class 'FortuneSource.FortuneSource'>: {'name': 'UNIX fortune program', 'description': 'Displays quotes using the UNIX fortune program. You may want to install additional fortune packs, e.g. fortunes-bofh-excuses.', 'author': 'Dan Jones', 'version': '0.1'}'
INFO: 2020-11-06 14:24:32,285: _walk_modules() 'Jumble loading module in GoodreadsSource from /usr/lib/python3.8/site-packages/variety/plugins/builtin/quotes/GoodreadsSource.py'
INFO: 2020-11-06 14:24:32,294: load() 'Jumble found plugin class: <class 'GoodreadsSource.GoodreadsSource'>: {'name': 'Goodreads', 'description': 'Fetches quotes from Goodreads.com', 'author': 'Peter Levi', 'version': '0.1'}'
INFO: 2020-11-06 14:24:32,294: _walk_modules() 'Jumble loading module in __init__ from /usr/lib/python3.8/site-packages/variety/plugins/builtin/quotes/__init__.py'
INFO: 2020-11-06 14:24:32,295: _walk_modules() 'Jumble loading module in LocalFilesSource from /usr/lib/python3.8/site-packages/variety/plugins/builtin/quotes/LocalFilesSource.py'
INFO: 2020-11-06 14:24:32,296: load() 'Jumble found plugin class: <class 'LocalFilesSource.LocalFilesSource'>: {'name': 'Local text files', 'description': 'Displays quotes, defined in local text files.\nPut your own txt files in: ~/.config/variety/pluginconfig/quotes/.\nThe file format is:\n\nquote -- author\n.\nsecond quote -- another author\n.\netc...\n\nExample: http://rvelthuis.de/zips/quotes.txt', 'author': 'Peter Levi', 'version': '0.1'}'
INFO: 2020-11-06 14:24:32,296: _walk_modules() 'Jumble loading module in QuotationsPageSource from /usr/lib/python3.8/site-packages/variety/plugins/builtin/quotes/QuotationsPageSource.py'
INFO: 2020-11-06 14:24:32,297: load() 'Jumble found plugin class: <class 'QuotationsPageSource.QuotationsPageSource'>: {'name': 'TheQuotationsPage.com', 'description': 'Fetches quotes from TheQuotationsPage.com', 'author': 'Peter Levi', 'version': '0.1'}'
INFO: 2020-11-06 14:24:32,297: _walk_modules() 'Jumble loading module in UrbanDictionarySource from /usr/lib/python3.8/site-packages/variety/plugins/builtin/quotes/UrbanDictionarySource.py'
INFO: 2020-11-06 14:24:32,298: load() 'Jumble found plugin class: <class 'UrbanDictionarySource.UrbanDictionarySource'>: {'name': 'Urban Dictionary', 'description': 'Displays definitions from Urban Dictionary', 'author': 'James Miller', 'version': '0.1'}'
INFO: 2020-11-06 14:24:32,304: log_options() 'Loaded options:'
INFO: 2020-11-06 14:24:32,304: log_options() 'change_enabled = True'
INFO: 2020-11-06 14:24:32,304: log_options() 'change_interval = 300'
INFO: 2020-11-06 14:24:32,304: log_options() 'change_on_start = True'
INFO: 2020-11-06 14:24:32,304: log_options() 'clipboard_enabled = False'
INFO: 2020-11-06 14:24:32,304: log_options() 'clipboard_hosts = ['wallhaven.cc', 'wallpapers.net', 'flickr.com', 'imgur.com', 'deviantart.com', 'interfacelift.com', 'vladstudio.com', 'imageshack.us', 'deviantart.net', 'imageshack.com']'
INFO: 2020-11-06 14:24:32,304: log_options() 'clipboard_use_whitelist = True'
INFO: 2020-11-06 14:24:32,304: log_options() 'clock_date_font = Ubuntu Condensed, 30'
INFO: 2020-11-06 14:24:32,304: log_options() 'clock_enabled = False'
INFO: 2020-11-06 14:24:32,304: log_options() 'clock_filter = -density 100 -font `fc-match -f '%{file[0]}' '%CLOCK_FONT_NAME'` -pointsize %CLOCK_FONT_SIZE -gravity SouthEast -fill '#00000044' -annotate 0x0+[%HOFFSET+58]+[%VOFFSET+108] '%H:%M' -fill white -annotate 0x0+[%HOFFSET+60]+[%VOFFSET+110] '%H:%M' -font `fc-match -f '%{file[0]}' '%DATE_FONT_NAME'` -pointsize %DATE_FONT_SIZE -fill '#00000044' -annotate 0x0+[%HOFFSET+58]+[%VOFFSET+58] '%A, %B %d' -fill white -annotate 0x0+[%HOFFSET+60]+[%VOFFSET+60] '%A, %B %d''
INFO: 2020-11-06 14:24:32,304: log_options() 'clock_font = Ubuntu Condensed, 70'
INFO: 2020-11-06 14:24:32,304: log_options() 'configfile = /home/richsouth/.config/variety/variety.conf'
INFO: 2020-11-06 14:24:32,304: log_options() 'copyto_enabled = True'
INFO: 2020-11-06 14:24:32,304: log_options() 'copyto_folder = /home/richsouth/Wallpapers'
INFO: 2020-11-06 14:24:32,304: log_options() 'desired_color = [160, 160, 160]'
INFO: 2020-11-06 14:24:32,304: log_options() 'desired_color_enabled = False'
INFO: 2020-11-06 14:24:32,304: log_options() 'download_folder = /home/richsouth/.config/variety/Downloaded'
INFO: 2020-11-06 14:24:32,305: log_options() 'download_preference_ratio = 0.9'
INFO: 2020-11-06 14:24:32,305: log_options() 'favorites_folder = /home/richsouth/.config/variety/Favorites'
INFO: 2020-11-06 14:24:32,305: log_options() 'favorites_operations = [['Downloaded', 'Copy'], ['Fetched', 'Move'], ['Others', 'Copy']]'
INFO: 2020-11-06 14:24:32,305: log_options() 'fetched_folder = /home/richsouth/.config/variety/Fetched'
INFO: 2020-11-06 14:24:32,305: log_options() 'filters = [[False, 'Keep original', ''], [False, 'Grayscale', '-type Grayscale'], [False, 'Heavy blur', '-blur 120x40'], [False, 'Soft blur', '-blur 20x7'], [False, 'Oil painting', '-paint 8'], [False, 'Pointilism', '-spread 10 -noise 3'], [False, 'Pixellate', '-scale 3% -scale 3333%']]'
INFO: 2020-11-06 14:24:32,305: log_options() 'icon = Current'
INFO: 2020-11-06 14:24:32,305: log_options() 'lightness_enabled = False'
INFO: 2020-11-06 14:24:32,305: log_options() 'lightness_mode = 0'
INFO: 2020-11-06 14:24:32,305: log_options() 'min_rating = 4'
INFO: 2020-11-06 14:24:32,305: log_options() 'min_rating_enabled = False'
INFO: 2020-11-06 14:24:32,305: log_options() 'min_size = 80'
INFO: 2020-11-06 14:24:32,305: log_options() 'min_size_enabled = False'
INFO: 2020-11-06 14:24:32,305: log_options() 'quota_enabled = True'
INFO: 2020-11-06 14:24:32,305: log_options() 'quota_size = 1000'
INFO: 2020-11-06 14:24:32,305: log_options() 'quotes_authors = '
INFO: 2020-11-06 14:24:32,305: log_options() 'quotes_bg_color = [80, 80, 80]'
INFO: 2020-11-06 14:24:32,305: log_options() 'quotes_bg_opacity = 55'
INFO: 2020-11-06 14:24:32,305: log_options() 'quotes_change_enabled = False'
INFO: 2020-11-06 14:24:32,305: log_options() 'quotes_change_interval = 300'
INFO: 2020-11-06 14:24:32,305: log_options() 'quotes_disabled_sources = ['Urban Dictionary']'
INFO: 2020-11-06 14:24:32,305: log_options() 'quotes_enabled = False'
INFO: 2020-11-06 14:24:32,305: log_options() 'quotes_favorites_file = /home/richsouth/.config/variety/favorite_quotes.txt'
INFO: 2020-11-06 14:24:32,305: log_options() 'quotes_font = Bitstream Charter 30'
INFO: 2020-11-06 14:24:32,305: log_options() 'quotes_hpos = 100'
INFO: 2020-11-06 14:24:32,305: log_options() 'quotes_max_length = 250'
INFO: 2020-11-06 14:24:32,306: log_options() 'quotes_tags = '
INFO: 2020-11-06 14:24:32,306: log_options() 'quotes_text_color = [255, 255, 255]'
INFO: 2020-11-06 14:24:32,306: log_options() 'quotes_text_shadow = False'
INFO: 2020-11-06 14:24:32,306: log_options() 'quotes_vpos = 40'
INFO: 2020-11-06 14:24:32,306: log_options() 'quotes_width = 70'
INFO: 2020-11-06 14:24:32,306: log_options() 'safe_mode = False'
INFO: 2020-11-06 14:24:32,306: log_options() 'slideshow_custom_enabled = False'
INFO: 2020-11-06 14:24:32,306: log_options() 'slideshow_custom_folder = /home/richsouth/Pictures'
INFO: 2020-11-06 14:24:32,306: log_options() 'slideshow_downloads_enabled = False'
INFO: 2020-11-06 14:24:32,306: log_options() 'slideshow_fade = 0.4'
INFO: 2020-11-06 14:24:32,306: log_options() 'slideshow_favorites_enabled = True'
INFO: 2020-11-06 14:24:32,306: log_options() 'slideshow_mode = Fullscreen'
INFO: 2020-11-06 14:24:32,306: log_options() 'slideshow_monitor = All'
INFO: 2020-11-06 14:24:32,306: log_options() 'slideshow_pan = 0.05'
INFO: 2020-11-06 14:24:32,306: log_options() 'slideshow_seconds = 6.0'
INFO: 2020-11-06 14:24:32,306: log_options() 'slideshow_sort_order = Random'
INFO: 2020-11-06 14:24:32,306: log_options() 'slideshow_sources_enabled = True'
INFO: 2020-11-06 14:24:32,306: log_options() 'slideshow_zoom = 0.2'
INFO: 2020-11-06 14:24:32,306: log_options() 'smart_enabled = False'
INFO: 2020-11-06 14:24:32,306: log_options() 'smart_notice_shown = False'
INFO: 2020-11-06 14:24:32,306: log_options() 'smart_register_shown = False'
INFO: 2020-11-06 14:24:32,306: log_options() 'sources = [[False, 'favorites', 'The Favorites folder'], [False, 'fetched', 'The Fetched folder'], [False, 'folder', '/usr/share/backgrounds'], [False, 'flickr', 'user:www.flickr.com/photos/peter-levi/;user_id:93647178@N00;'], [False, 'apod', "NASA's Astronomy Picture of the Day"], [False, 'bing', 'Bing Photo of the Day'], [False, 'earthview', 'Google Earth View Wallpapers'], [False, 'unsplash', 'High-resolution photos from Unsplash.com'], [True, 'folder', '/home/richsouth/Wallpapers']]'
INFO: 2020-11-06 14:24:32,306: log_options() 'stats_enabled = True'
INFO: 2020-11-06 14:24:32,306: log_options() 'stats_notice_shown = False'
INFO: 2020-11-06 14:24:32,306: log_options() 'sync_enabled = True'
INFO: 2020-11-06 14:24:32,306: log_options() 'use_landscape_enabled = True'
INFO: 2020-11-06 14:24:32,306: reload_config() 'No need to clear prepared queue'
INFO: 2020-11-06 14:24:32,307: update_indicator() 'Setting file info to: /home/richsouth/Wallpapers/0096.jpg'
INFO: 2020-11-06 14:24:32,311: load_last_change_time() 'Change interval < 6 hours, ignore persisted last_change_time, wait initially the whole interval: 300'
INFO: 2020-11-06 14:24:32,311: update_indicator() 'Setting file info to: /home/richsouth/Wallpapers/0096.jpg'
INFO: 2020-11-06 14:24:32,311: regular_change_thread() 'regular_change thread running'
INFO: 2020-11-06 14:24:32,311: prepare_thread() 'Prepare thread running'
INFO: 2020-11-06 14:24:32,312: prepare_thread() 'Prepared buffer contains 0 images'
INFO: 2020-11-06 14:24:32,312: prepare_thread() 'Preparing some images'
INFO: 2020-11-06 14:24:32,314: update_indicator_icon() 'Creating indicator'
WARNING: 2020-11-06 14:24:32,324: create_menu() 'Variety Slideshow is not installed. This is an optional extension adding pan-and-zoom slideshows to Variety: see https://github.com/peterlevi/variety-slideshow for details'
INFO: 2020-11-06 14:24:32,325: create_indicator() 'indicator backend: AppIndicator3'
INFO: 2020-11-06 14:24:32,332: set_icon() 'Showing indicator icon image: /home/richsouth/Wallpapers/0096.jpg'
INFO: 2020-11-06 14:24:32,371: prepare_thread() 'After search prepared buffer contains 100 images'
INFO: 2020-11-06 14:24:32,411: do_set_wp() 'Calling do_set_wp with /home/richsouth/Wallpapers/0096.jpg, time: 1604672672.4113095'
INFO: 2020-11-06 14:24:32,434: update_indicator() 'Setting file info to: /home/richsouth/Wallpapers/0096.jpg'
INFO: 2020-11-06 14:24:32,435: list_files() 'More than 1 files in the folders, stop listing'
INFO: 2020-11-06 14:24:32,677: set_icon() 'Showing indicator icon image: /home/richsouth/Wallpapers/0096.jpg'
INFO: 2020-11-06 14:24:33,842: reload() 'Reloading preferences dialog'
INFO: 2020-11-06 14:24:34,372: trigger_download() 'Triggering download thread to check if download needed'
INFO: 2020-11-06 14:24:37,312: set_wallpaper() 'Calling set_wallpaper with /home/richsouth/Wallpapers/Góða-ólavsøku,-from-the-Faroes!.jpg'
INFO: 2020-11-06 14:24:37,312: prepare_thread() 'Prepared buffer contains 99 images'
INFO: 2020-11-06 14:24:37,313: do_set_wp() 'Calling do_set_wp with /home/richsouth/Wallpapers/Góða-ólavsøku,-from-the-Faroes!.jpg, time: 1604672677.3137953'
INFO: 2020-11-06 14:24:37,343: update_indicator() 'Setting file info to: /home/richsouth/Wallpapers/Góða-ólavsøku,-from-the-Faroes!.jpg'
INFO: 2020-11-06 14:24:37,344: list_files() 'More than 1 files in the folders, stop listing'
INFO: 2020-11-06 14:24:37,532: set_icon() 'Showing indicator icon image: /home/richsouth/Wallpapers/Góða-ólavsøku,-from-the-Faroes!.jpg'
INFO: 2020-11-06 14:24:39,314: trigger_download() 'Triggering download thread to check if download needed'
INFO: 2020-11-06 14:24:52,332: server_options_thread() 'Fetching server options from http://tiny.cc/variety-options-063'
INFO: 2020-11-06 14:24:53,155: server_options_thread() 'Fetched server options: {'flickr': {'min_fill_queue_interval': 1200, 'min_download_interval': 1200}, 'wallbase': {'min_fill_queue_interval': 1800, 'min_download_interval': 1800}, 'wallhaven': {'min_fill_queue_interval': 1800, 'min_download_interval': 1800}, 'wallpapers.net': {'min_fill_queue_interval': 601, 'min_download_interval': 0}, 'unsplash': {'min_fill_queue_interval': 20000000000, 'min_download_interval': 20000000000}, 'unsplash_v2': {'min_fill_queue_interval': 2000, 'min_download_interval': 1200}, 'status_message': {'0.0.1': '', '*': ''}}'
INFO: 2020-11-06 14:25:56,897: set_wallpaper() 'Calling set_wallpaper with /home/richsouth/Wallpapers/0019.jpg'
INFO: 2020-11-06 14:25:56,898: prepare_thread() 'Prepared buffer contains 98 images'
INFO: 2020-11-06 14:25:56,899: do_set_wp() 'Calling do_set_wp with /home/richsouth/Wallpapers/0019.jpg, time: 1604672756.8995426'
INFO: 2020-11-06 14:25:56,928: update_indicator() 'Setting file info to: /home/richsouth/Wallpapers/0019.jpg'
INFO: 2020-11-06 14:25:56,928: list_files() 'More than 1 files in the folders, stop listing'
INFO: 2020-11-06 14:25:57,107: set_icon() 'Showing indicator icon image: /home/richsouth/Wallpapers/0019.jpg'
INFO: 2020-11-06 14:25:58,900: trigger_download() 'Triggering download thread to check if download needed'
INFO: 2020-11-06 14:30:57,108: regular_change_thread() 'regular_change changes wallpaper'
INFO: 2020-11-06 14:30:57,108: set_wallpaper() 'Calling set_wallpaper with /home/richsouth/Wallpapers/0242.jpg'
INFO: 2020-11-06 14:30:57,108: prepare_thread() 'Prepared buffer contains 97 images'
INFO: 2020-11-06 14:30:57,110: do_set_wp() 'Calling do_set_wp with /home/richsouth/Wallpapers/0242.jpg, time: 1604673057.110153'
INFO: 2020-11-06 14:30:57,140: update_indicator() 'Setting file info to: /home/richsouth/Wallpapers/0242.jpg'
INFO: 2020-11-06 14:30:57,141: list_files() 'More than 1 files in the folders, stop listing'
INFO: 2020-11-06 14:30:57,440: set_icon() 'Showing indicator icon image: /home/richsouth/Wallpapers/0242.jpg'
INFO: 2020-11-06 14:30:59,110: trigger_download() 'Triggering download thread to check if download needed'
INFO: 2020-11-06 14:35:57,440: regular_change_thread() 'regular_change changes wallpaper'
INFO: 2020-11-06 14:35:57,440: set_wallpaper() 'Calling set_wallpaper with /home/richsouth/Wallpapers/0217.jpg'
INFO: 2020-11-06 14:35:57,441: prepare_thread() 'Prepared buffer contains 96 images'
INFO: 2020-11-06 14:35:57,442: do_set_wp() 'Calling do_set_wp with /home/richsouth/Wallpapers/0217.jpg, time: 1604673357.4423933'
INFO: 2020-11-06 14:35:57,475: update_indicator() 'Setting file info to: /home/richsouth/Wallpapers/0217.jpg'
INFO: 2020-11-06 14:35:57,476: list_files() 'More than 1 files in the folders, stop listing'
INFO: 2020-11-06 14:35:57,635: set_icon() 'Showing indicator icon image: /home/richsouth/Wallpapers/0217.jpg'
INFO: 2020-11-06 14:35:59,442: trigger_download() 'Triggering download thread to check if download needed'
INFO: 2020-11-06 14:40:57,635: regular_change_thread() 'regular_change changes wallpaper'
INFO: 2020-11-06 14:40:57,636: set_wallpaper() 'Calling set_wallpaper with /home/richsouth/Wallpapers/0125.jpg'
INFO: 2020-11-06 14:40:57,636: prepare_thread() 'Prepared buffer contains 95 images'
INFO: 2020-11-06 14:40:57,640: do_set_wp() 'Calling do_set_wp with /home/richsouth/Wallpapers/0125.jpg, time: 1604673657.640503'
INFO: 2020-11-06 14:40:57,670: update_indicator() 'Setting file info to: /home/richsouth/Wallpapers/0125.jpg'
INFO: 2020-11-06 14:40:57,671: list_files() 'More than 1 files in the folders, stop listing'
INFO: 2020-11-06 14:40:57,821: set_icon() 'Showing indicator icon image: /home/richsouth/Wallpapers/0125.jpg'
INFO: 2020-11-06 14:40:59,642: trigger_download() 'Triggering download thread to check if download needed'
INFO: 2020-11-06 14:45:57,822: regular_change_thread() 'regular_change changes wallpaper'
INFO: 2020-11-06 14:45:57,822: set_wallpaper() 'Calling set_wallpaper with /home/richsouth/Wallpapers/0252.jpg'
INFO: 2020-11-06 14:45:57,822: prepare_thread() 'Prepared buffer contains 94 images'
INFO: 2020-11-06 14:45:57,824: do_set_wp() 'Calling do_set_wp with /home/richsouth/Wallpapers/0252.jpg, time: 1604673957.823979'
INFO: 2020-11-06 14:45:57,894: update_indicator() 'Setting file info to: /home/richsouth/Wallpapers/0252.jpg'
INFO: 2020-11-06 14:45:57,896: list_files() 'More than 1 files in the folders, stop listing'
INFO: 2020-11-06 14:45:58,240: set_icon() 'Showing indicator icon image: /home/richsouth/Wallpapers/0252.jpg'
INFO: 2020-11-06 14:45:59,824: trigger_download() 'Triggering download thread to check if download needed'
INFO: 2020-11-06 14:50:58,240: regular_change_thread() 'regular_change changes wallpaper'
INFO: 2020-11-06 14:50:58,240: set_wallpaper() 'Calling set_wallpaper with /home/richsouth/Wallpapers/0005.jpg'
INFO: 2020-11-06 14:50:58,241: prepare_thread() 'Prepared buffer contains 93 images'
INFO: 2020-11-06 14:50:58,242: do_set_wp() 'Calling do_set_wp with /home/richsouth/Wallpapers/0005.jpg, time: 1604674258.2419982'
INFO: 2020-11-06 14:50:58,273: update_indicator() 'Setting file info to: /home/richsouth/Wallpapers/0005.jpg'
INFO: 2020-11-06 14:50:58,274: list_files() 'More than 1 files in the folders, stop listing'
INFO: 2020-11-06 14:50:58,441: set_icon() 'Showing indicator icon image: /home/richsouth/Wallpapers/0005.jpg'
INFO: 2020-11-06 14:51:00,242: trigger_download() 'Triggering download thread to check if download needed'
INFO: 2020-11-06 14:55:58,441: regular_change_thread() 'regular_change changes wallpaper'
INFO: 2020-11-06 14:55:58,442: set_wallpaper() 'Calling set_wallpaper with /home/richsouth/Wallpapers/0277.jpg'
INFO: 2020-11-06 14:55:58,442: prepare_thread() 'Prepared buffer contains 92 images'
INFO: 2020-11-06 14:55:58,443: do_set_wp() 'Calling do_set_wp with /home/richsouth/Wallpapers/0277.jpg, time: 1604674558.4439373'
INFO: 2020-11-06 14:55:58,474: update_indicator() 'Setting file info to: /home/richsouth/Wallpapers/0277.jpg'
INFO: 2020-11-06 14:55:58,475: list_files() 'More than 1 files in the folders, stop listing'
INFO: 2020-11-06 14:55:58,673: set_icon() 'Showing indicator icon image: /home/richsouth/Wallpapers/0277.jpg'
INFO: 2020-11-06 14:56:00,444: trigger_download() 'Triggering download thread to check if download needed'
INFO: 2020-11-06 15:00:58,673: regular_change_thread() 'regular_change changes wallpaper'
INFO: 2020-11-06 15:00:58,673: set_wallpaper() 'Calling set_wallpaper with /home/richsouth/Wallpapers/0122.jpg'
INFO: 2020-11-06 15:00:58,674: prepare_thread() 'Prepared buffer contains 91 images'
INFO: 2020-11-06 15:00:58,675: do_set_wp() 'Calling do_set_wp with /home/richsouth/Wallpapers/0122.jpg, time: 1604674858.67521'
INFO: 2020-11-06 15:00:58,706: update_indicator() 'Setting file info to: /home/richsouth/Wallpapers/0122.jpg'
INFO: 2020-11-06 15:00:58,707: list_files() 'More than 1 files in the folders, stop listing'
INFO: 2020-11-06 15:00:58,874: set_icon() 'Showing indicator icon image: /home/richsouth/Wallpapers/0122.jpg'
INFO: 2020-11-06 15:01:00,675: trigger_download() 'Triggering download thread to check if download needed'
INFO: 2020-11-06 15:05:58,874: regular_change_thread() 'regular_change changes wallpaper'
INFO: 2020-11-06 15:05:58,875: set_wallpaper() 'Calling set_wallpaper with /home/richsouth/Wallpapers/0192.jpg'
INFO: 2020-11-06 15:05:58,875: prepare_thread() 'Prepared buffer contains 90 images'
INFO: 2020-11-06 15:05:58,876: do_set_wp() 'Calling do_set_wp with /home/richsouth/Wallpapers/0192.jpg, time: 1604675158.8763611'
INFO: 2020-11-06 15:05:58,906: update_indicator() 'Setting file info to: /home/richsouth/Wallpapers/0192.jpg'
INFO: 2020-11-06 15:05:58,907: list_files() 'More than 1 files in the folders, stop listing'
INFO: 2020-11-06 15:05:59,151: set_icon() 'Showing indicator icon image: /home/richsouth/Wallpapers/0192.jpg'
INFO: 2020-11-06 15:06:00,877: trigger_download() 'Triggering download thread to check if download needed'
INFO: 2020-11-06 15:10:59,152: regular_change_thread() 'regular_change changes wallpaper'
INFO: 2020-11-06 15:10:59,152: set_wallpaper() 'Calling set_wallpaper with /home/richsouth/Wallpapers/Big-wheels-on-a-big-mountain.jpg'
INFO: 2020-11-06 15:10:59,153: prepare_thread() 'Prepared buffer contains 89 images'
INFO: 2020-11-06 15:10:59,154: do_set_wp() 'Calling do_set_wp with /home/richsouth/Wallpapers/Big-wheels-on-a-big-mountain.jpg, time: 1604675459.1545956'
INFO: 2020-11-06 15:10:59,188: update_indicator() 'Setting file info to: /home/richsouth/Wallpapers/Big-wheels-on-a-big-mountain.jpg'
INFO: 2020-11-06 15:10:59,189: list_files() 'More than 1 files in the folders, stop listing'
INFO: 2020-11-06 15:10:59,350: set_icon() 'Showing indicator icon image: /home/richsouth/Wallpapers/Big-wheels-on-a-big-mountain.jpg'
INFO: 2020-11-06 15:11:01,155: trigger_download() 'Triggering download thread to check if download needed'
INFO: 2020-11-06 15:15:59,350: regular_change_thread() 'regular_change changes wallpaper'
INFO: 2020-11-06 15:15:59,351: set_wallpaper() 'Calling set_wallpaper with /home/richsouth/Wallpapers/0214.jpg'
INFO: 2020-11-06 15:15:59,351: prepare_thread() 'Prepared buffer contains 88 images'
INFO: 2020-11-06 15:15:59,353: do_set_wp() 'Calling do_set_wp with /home/richsouth/Wallpapers/0214.jpg, time: 1604675759.3531516'
INFO: 2020-11-06 15:15:59,388: update_indicator() 'Setting file info to: /home/richsouth/Wallpapers/0214.jpg'
INFO: 2020-11-06 15:15:59,389: list_files() 'More than 1 files in the folders, stop listing'
INFO: 2020-11-06 15:15:59,552: set_icon() 'Showing indicator icon image: /home/richsouth/Wallpapers/0214.jpg'
INFO: 2020-11-06 15:16:01,353: trigger_download() 'Triggering download thread to check if download needed'
INFO: 2020-11-06 15:20:59,552: regular_change_thread() 'regular_change changes wallpaper'
INFO: 2020-11-06 15:20:59,553: set_wallpaper() 'Calling set_wallpaper with /home/richsouth/Wallpapers/0039.jpg'
INFO: 2020-11-06 15:20:59,553: prepare_thread() 'Prepared buffer contains 87 images'
INFO: 2020-11-06 15:20:59,554: do_set_wp() 'Calling do_set_wp with /home/richsouth/Wallpapers/0039.jpg, time: 1604676059.5543368'
INFO: 2020-11-06 15:20:59,583: update_indicator() 'Setting file info to: /home/richsouth/Wallpapers/0039.jpg'
INFO: 2020-11-06 15:20:59,584: list_files() 'More than 1 files in the folders, stop listing'
INFO: 2020-11-06 15:20:59,744: set_icon() 'Showing indicator icon image: /home/richsouth/Wallpapers/0039.jpg'
INFO: 2020-11-06 15:21:01,555: trigger_download() 'Triggering download thread to check if download needed'
INFO: 2020-11-06 15:25:59,744: regular_change_thread() 'regular_change changes wallpaper'
INFO: 2020-11-06 15:25:59,745: set_wallpaper() 'Calling set_wallpaper with /home/richsouth/Wallpapers/0010.jpg'
INFO: 2020-11-06 15:25:59,745: prepare_thread() 'Prepared buffer contains 86 images'
INFO: 2020-11-06 15:25:59,746: do_set_wp() 'Calling do_set_wp with /home/richsouth/Wallpapers/0010.jpg, time: 1604676359.746771'
INFO: 2020-11-06 15:25:59,779: update_indicator() 'Setting file info to: /home/richsouth/Wallpapers/0010.jpg'
INFO: 2020-11-06 15:25:59,780: list_files() 'More than 1 files in the folders, stop listing'
INFO: 2020-11-06 15:25:59,953: set_icon() 'Showing indicator icon image: /home/richsouth/Wallpapers/0010.jpg'
INFO: 2020-11-06 15:26:01,746: trigger_download() 'Triggering download thread to check if download needed'
INFO: 2020-11-06 15:30:59,954: regular_change_thread() 'regular_change changes wallpaper'
INFO: 2020-11-06 15:30:59,954: set_wallpaper() 'Calling set_wallpaper with /home/richsouth/Wallpapers/Life-in-the-slow-lane.jpg'
INFO: 2020-11-06 15:30:59,954: prepare_thread() 'Prepared buffer contains 85 images'
INFO: 2020-11-06 15:30:59,955: do_set_wp() 'Calling do_set_wp with /home/richsouth/Wallpapers/Life-in-the-slow-lane.jpg, time: 1604676659.9559548'
INFO: 2020-11-06 15:30:59,986: update_indicator() 'Setting file info to: /home/richsouth/Wallpapers/Life-in-the-slow-lane.jpg'
INFO: 2020-11-06 15:30:59,987: list_files() 'More than 1 files in the folders, stop listing'
INFO: 2020-11-06 15:31:00,135: set_icon() 'Showing indicator icon image: /home/richsouth/Wallpapers/Life-in-the-slow-lane.jpg'
INFO: 2020-11-06 15:31:01,956: trigger_download() 'Triggering download thread to check if download needed'
INFO: 2020-11-06 15:36:00,135: regular_change_thread() 'regular_change changes wallpaper'
INFO: 2020-11-06 15:36:00,136: set_wallpaper() 'Calling set_wallpaper with /home/richsouth/Wallpapers/0298.jpg'
INFO: 2020-11-06 15:36:00,136: prepare_thread() 'Prepared buffer contains 84 images'
INFO: 2020-11-06 15:36:00,137: do_set_wp() 'Calling do_set_wp with /home/richsouth/Wallpapers/0298.jpg, time: 1604676960.1374023'
INFO: 2020-11-06 15:36:00,166: update_indicator() 'Setting file info to: /home/richsouth/Wallpapers/0298.jpg'
INFO: 2020-11-06 15:36:00,167: list_files() 'More than 1 files in the folders, stop listing'
INFO: 2020-11-06 15:36:00,327: set_icon() 'Showing indicator icon image: /home/richsouth/Wallpapers/0298.jpg'
INFO: 2020-11-06 15:36:02,138: trigger_download() 'Triggering download thread to check if download needed'
INFO: 2020-11-06 15:41:00,327: regular_change_thread() 'regular_change changes wallpaper'
INFO: 2020-11-06 15:41:00,328: set_wallpaper() 'Calling set_wallpaper with /home/richsouth/Wallpapers/0165.jpg'
INFO: 2020-11-06 15:41:00,329: prepare_thread() 'Prepared buffer contains 83 images'
INFO: 2020-11-06 15:41:00,329: do_set_wp() 'Calling do_set_wp with /home/richsouth/Wallpapers/0165.jpg, time: 1604677260.3297086'
INFO: 2020-11-06 15:41:00,359: update_indicator() 'Setting file info to: /home/richsouth/Wallpapers/0165.jpg'
INFO: 2020-11-06 15:41:00,361: list_files() 'More than 1 files in the folders, stop listing'
INFO: 2020-11-06 15:41:00,518: set_icon() 'Showing indicator icon image: /home/richsouth/Wallpapers/0165.jpg'
INFO: 2020-11-06 15:41:02,330: trigger_download() 'Triggering download thread to check if download needed'
INFO: 2020-11-06 15:46:00,518: regular_change_thread() 'regular_change changes wallpaper'
INFO: 2020-11-06 15:46:00,519: set_wallpaper() 'Calling set_wallpaper with /home/richsouth/Wallpapers/0171.jpg'
INFO: 2020-11-06 15:46:00,520: prepare_thread() 'Prepared buffer contains 82 images'
INFO: 2020-11-06 15:46:00,520: do_set_wp() 'Calling do_set_wp with /home/richsouth/Wallpapers/0171.jpg, time: 1604677560.5206025'
INFO: 2020-11-06 15:46:00,558: update_indicator() 'Setting file info to: /home/richsouth/Wallpapers/0171.jpg'
INFO: 2020-11-06 15:46:00,559: list_files() 'More than 1 files in the folders, stop listing'
INFO: 2020-11-06 15:46:00,969: set_icon() 'Showing indicator icon image: /home/richsouth/Wallpapers/0171.jpg'
INFO: 2020-11-06 15:46:02,521: trigger_download() 'Triggering download thread to check if download needed'
INFO: 2020-11-06 15:51:00,969: regular_change_thread() 'regular_change changes wallpaper'
INFO: 2020-11-06 15:51:00,970: set_wallpaper() 'Calling set_wallpaper with /home/richsouth/Wallpapers/0114.jpg'
INFO: 2020-11-06 15:51:00,970: prepare_thread() 'Prepared buffer contains 81 images'
INFO: 2020-11-06 15:51:00,971: do_set_wp() 'Calling do_set_wp with /home/richsouth/Wallpapers/0114.jpg, time: 1604677860.9710531'
INFO: 2020-11-06 15:51:01,026: update_indicator() 'Setting file info to: /home/richsouth/Wallpapers/0114.jpg'
INFO: 2020-11-06 15:51:01,028: list_files() 'More than 1 files in the folders, stop listing'
INFO: 2020-11-06 15:51:01,489: set_icon() 'Showing indicator icon image: /home/richsouth/Wallpapers/0114.jpg'
INFO: 2020-11-06 15:51:02,971: trigger_download() 'Triggering download thread to check if download needed'
INFO: 2020-11-06 15:56:01,489: regular_change_thread() 'regular_change changes wallpaper'
INFO: 2020-11-06 15:56:01,490: set_wallpaper() 'Calling set_wallpaper with /home/richsouth/Wallpapers/0082.jpg'
INFO: 2020-11-06 15:56:01,491: prepare_thread() 'Prepared buffer contains 80 images'
INFO: 2020-11-06 15:56:01,491: do_set_wp() 'Calling do_set_wp with /home/richsouth/Wallpapers/0082.jpg, time: 1604678161.4916906'
INFO: 2020-11-06 15:56:01,524: update_indicator() 'Setting file info to: /home/richsouth/Wallpapers/0082.jpg'
INFO: 2020-11-06 15:56:01,525: list_files() 'More than 1 files in the folders, stop listing'
INFO: 2020-11-06 15:56:01,689: set_icon() 'Showing indicator icon image: /home/richsouth/Wallpapers/0082.jpg'
INFO: 2020-11-06 15:56:03,493: trigger_download() 'Triggering download thread to check if download needed'
INFO: 2020-11-06 16:01:01,689: regular_change_thread() 'regular_change changes wallpaper'
INFO: 2020-11-06 16:01:01,690: set_wallpaper() 'Calling set_wallpaper with /home/richsouth/Wallpapers/0016.jpg'
INFO: 2020-11-06 16:01:01,690: prepare_thread() 'Prepared buffer contains 79 images'
INFO: 2020-11-06 16:01:01,691: do_set_wp() 'Calling do_set_wp with /home/richsouth/Wallpapers/0016.jpg, time: 1604678461.6919572'
INFO: 2020-11-06 16:01:01,739: update_indicator() 'Setting file info to: /home/richsouth/Wallpapers/0016.jpg'
INFO: 2020-11-06 16:01:01,740: list_files() 'More than 1 files in the folders, stop listing'
INFO: 2020-11-06 16:01:02,014: set_icon() 'Showing indicator icon image: /home/richsouth/Wallpapers/0016.jpg'
INFO: 2020-11-06 16:01:03,692: trigger_download() 'Triggering download thread to check if download needed'
