2021-01-05 07:51:26 Loading main app package /tmp/.mount_obsidiRrMl4t/resources/obsidian.asar
2021-01-05 07:51:26 Checking for update using Github
2021-01-05 07:51:26 Failed to check for update using Github (net module can only be used after app is ready)
2021-01-05 07:51:26 Checking for update using obsidian.md
2021-01-05 07:51:26 Failed to check for update using obsidian.md (net module can only be used after app is ready)
2021-01-05 16:45:24 Loading main app package /tmp/.mount_obsidiYAuK9x/resources/obsidian.asar
2021-01-05 16:45:24 Checking for update using Github
2021-01-05 16:45:24 Failed to check for update using Github (net module can only be used after app is ready)
2021-01-05 16:45:24 Checking for update using obsidian.md
2021-01-05 16:45:24 Failed to check for update using obsidian.md (net module can only be used after app is ready)
2021-01-05 17:13:14 Loading main app package /tmp/.mount_obsidiybMr6x/resources/obsidian.asar
2021-01-05 17:13:14 Checking for update using Github
2021-01-05 17:13:14 Failed to check for update using Github (net module can only be used after app is ready)
2021-01-05 17:13:14 Checking for update using obsidian.md
2021-01-05 17:13:14 Failed to check for update using obsidian.md (net module can only be used after app is ready)
2021-01-17 11:01:32 Loading main app package /tmp/.mount_obsidiaf0SHk/resources/obsidian.asar
2021-01-17 11:01:32 Checking for update using Github
2021-01-17 11:01:32 Failed to check for update using Github (net module can only be used after app is ready)
2021-01-17 11:01:32 Checking for update using obsidian.md
2021-01-17 11:01:32 Failed to check for update using obsidian.md (net module can only be used after app is ready)
2021-01-18 16:50:49 Loading main app package /tmp/.mount_obsidi1wbo95/resources/obsidian.asar
2021-01-18 16:50:49 Checking for update using Github
2021-01-18 16:50:49 Failed to check for update using Github (net module can only be used after app is ready)
2021-01-18 16:50:49 Checking for update using obsidian.md
2021-01-18 16:50:49 Failed to check for update using obsidian.md (net module can only be used after app is ready)
2021-01-21 11:22:46 Loading main app package /tmp/.mount_obsidijRsOEs/resources/obsidian.asar
2021-01-21 11:22:46 Checking for update using Github
2021-01-21 11:22:46 Failed to check for update using Github (net module can only be used after app is ready)
2021-01-21 11:22:46 Checking for update using obsidian.md
2021-01-21 11:22:46 Failed to check for update using obsidian.md (net module can only be used after app is ready)
2021-01-21 12:29:30 Loading main app package /tmp/.mount_obsidiHIrLxV/resources/obsidian.asar
2021-01-21 12:29:30 Checking for update using Github
2021-01-21 12:29:30 Failed to check for update using Github (net module can only be used after app is ready)
2021-01-21 12:29:30 Checking for update using obsidian.md
2021-01-21 12:29:30 Failed to check for update using obsidian.md (net module can only be used after app is ready)
2021-01-21 17:03:27 Checking for update using Github
2021-01-21 17:03:27 Success.
2021-01-21 17:03:27 Latest version is 0.10.8
2021-01-21 17:03:27 Downloading update from https://github.com/obsidianmd/obsidian-releases/releases/download/v0.10.8/obsidian-0.10.8.asar.gz
2021-01-21 17:03:47 Failed to perform update
2021-02-11 11:19:11 Loading main app package /tmp/.mount_obsidixfr9VP/resources/obsidian.asar
2021-02-11 11:19:11 Checking for update using Github
2021-02-11 11:19:11 Failed to check for update using Github (net module can only be used after app is ready)
2021-02-11 11:19:11 Checking for update using obsidian.md
2021-02-11 11:19:11 Failed to check for update using obsidian.md (net module can only be used after app is ready)
